<?xml version="1.0" encoding="UTF-8"?>
<!-- Generated by org.testng.reporters.JUnitXMLReporter -->
<testsuite ignored="0" hostname="BINTERNS-QA3L" failures="0" tests="4" name="Surefire test" time="11.132" errors="0" timestamp="2023-03-07T16:30:21 IST">
  <testcase classname="TestNG_PACKAGE.myNewTest" name="f" time="0.014"/>
  <testcase classname="TestNG_PACKAGE.TestNG_class" name="openapp" time="7.984"/>
  <testcase classname="TestNG_PACKAGE.TestNG_class" name="login" time="2.911"/>
  <testcase classname="TestNG_PACKAGE.TestNG_class" name="closeapp" time="0.135"/>
</testsuite> <!-- Surefire test -->
