<?xml version="1.0" encoding="UTF-8"?>
<!-- Generated by org.testng.reporters.JUnitXMLReporter -->
<testsuite ignored="5" hostname="BINTERNS-QA3L" failures="0" tests="1" name="Test" time="0.074" errors="0" timestamp="2023-03-07T16:15:48 IST">
  <testcase classname="TestNG_grouping.grouping_Demo" name="signupemail" time="0.012"/>
  <testcase classname="TestNG_grouping.grouping_Demo" name="signupByfacebook" time="0.0">
    <ignored/>
  </testcase> <!-- signupByfacebook -->
  <testcase classname="TestNG_grouping.grouping_Demo" name="signupByMobileNumber" time="0.0">
    <ignored/>
  </testcase> <!-- signupByMobileNumber -->
  <testcase classname="TestNG_grouping.grouping_Demo" name="loginByFacebook" time="0.0">
    <ignored/>
  </testcase> <!-- loginByFacebook -->
  <testcase classname="TestNG_grouping.grouping_Demo" name="loginignupByMobileNumber" time="0.0">
    <ignored/>
  </testcase> <!-- loginignupByMobileNumber -->
  <testcase classname="TestNG_grouping.grouping_Demo" name="loginByEmail" time="0.0">
    <ignored/>
  </testcase> <!-- loginByEmail -->
</testsuite> <!-- Test -->
