<?xml version="1.0" encoding="UTF-8"?>
<testng-results ignored="0" total="4" passed="4" failed="0" skipped="0">
  <reporter-output>
  </reporter-output>
  <suite started-at="2023-03-07T16:30:09 IST" name="Surefire suite" finished-at="2023-03-07T16:30:21 IST" duration-ms="11132">
    <groups>
    </groups>
    <test started-at="2023-03-07T16:30:09 IST" name="Surefire test" finished-at="2023-03-07T16:30:21 IST" duration-ms="11132">
      <class name="TestNG_PACKAGE.TestNG_class">
        <test-method signature="openapp()[pri:1, instance:TestNG_PACKAGE.TestNG_class@64040287]" started-at="2023-03-07T16:30:09 IST" name="openapp" finished-at="2023-03-07T16:30:17 IST" duration-ms="7984" status="PASS">
          <reporter-output>
          </reporter-output>
        </test-method> <!-- openapp -->
        <test-method signature="login()[pri:2, instance:TestNG_PACKAGE.TestNG_class@64040287]" started-at="2023-03-07T16:30:17 IST" name="login" finished-at="2023-03-07T16:30:20 IST" duration-ms="2911" status="PASS">
          <reporter-output>
          </reporter-output>
        </test-method> <!-- login -->
        <test-method signature="closeapp()[pri:3, instance:TestNG_PACKAGE.TestNG_class@64040287]" started-at="2023-03-07T16:30:20 IST" name="closeapp" finished-at="2023-03-07T16:30:21 IST" duration-ms="135" status="PASS">
          <reporter-output>
          </reporter-output>
        </test-method> <!-- closeapp -->
      </class> <!-- TestNG_PACKAGE.TestNG_class -->
      <class name="TestNG_PACKAGE.myNewTest">
        <test-method signature="f()[pri:0, instance:TestNG_PACKAGE.myNewTest@5ccddd20]" started-at="2023-03-07T16:30:09 IST" name="f" finished-at="2023-03-07T16:30:09 IST" duration-ms="14" status="PASS">
          <reporter-output>
          </reporter-output>
        </test-method> <!-- f -->
      </class> <!-- TestNG_PACKAGE.myNewTest -->
    </test> <!-- Surefire test -->
  </suite> <!-- Surefire suite -->
</testng-results>
